{"level":"INFO","message":"[4:30:04.769 PM]: Creating new connection object"}
{"level":"INFO","message":"[4:35:52.388 PM]: Creating new connection object"}
{"level":"INFO","message":"[4:39:41.030 PM]: Creating new connection object"}
{"level":"INFO","message":"[4:40:48.263 PM]: Creating new connection object"}
{"level":"INFO","message":"[4:40:48.269 PM]: Creating Connection[id: 7fdb4f9b-c0c1-4512-ae42-cf98477cb275] with host: kqthifv-le84072.us-central1.gcp.snowflakecomputing.com, account: kqthifv-le84072, accessUrl: https://kqthifv-le84072.us-central1.gcp.snowflakecomputing.com, user: YASSINVILA, password is provided, role: ACCOUNTADMIN, database: MAJOR_COMPASS, schema: PUBLIC, warehouse: COMPUTE_WH, region: us-central1.gcp, authenticator: SNOWFLAKE, ocsp mode: FAIL_OPEN, os: darwin, os version: 24.5.0"}
{"level":"INFO","message":"[4:40:48.269 PM]: Connection[id: 7fdb4f9b-c0c1-4512-ae42-cf98477cb275] additional details: passcode in password is provided, passcode is not provided, private key is not provided, application: undefined, client name: snowflake-sdk, client version: 1.15.0, retry timeout: 300, private key path: undefined, private key pass is not provided, client store temporary credential: false, browser response timeout: 120000"}
{"level":"INFO","message":"[4:40:48.270 PM]: Connection[id: 7fdb4f9b-c0c1-4512-ae42-cf98477cb275] - connection object created successfully."}
{"level":"INFO","message":"[4:40:48.270 PM]: Connection[id: 7fdb4f9b-c0c1-4512-ae42-cf98477cb275] - connecting. Associated Snowflake domain: GLOBAL"}
{"level":"INFO","message":"[4:40:48.270 PM]: Connection[id: 7fdb4f9b-c0c1-4512-ae42-cf98477cb275] - authentication successful using: SNOWFLAKE"}
{"level":"INFO","message":"[4:40:48.270 PM]: Trying to initialize Easy Logging"}
{"level":"INFO","message":"[4:40:48.272 PM]: No client config detected."}
{"level":"INFO","message":"[4:40:48.272 PM]: No config file path found. Client config will not be used."}
{"level":"INFO","message":"[4:40:48.273 PM]: Easy Logging is disabled as no config has been found"}
{"level":"INFO","message":"[4:40:48.274 PM]: Connection[id: 7fdb4f9b-c0c1-4512-ae42-cf98477cb275] - connected successfully after 4.638166427612305 milliseconds"}
{"level":"INFO","message":"[4:41:29.035 PM]: Creating new connection object"}
{"level":"INFO","message":"[4:41:29.041 PM]: Creating Connection[id: cf31f577-5114-41a5-9817-b12683d0a858] with host: kqthifv-le84072.us-central1.gcp.snowflakecomputing.com, account: kqthifv-le84072, accessUrl: https://kqthifv-le84072.us-central1.gcp.snowflakecomputing.com, user: YASSINVILA, password is provided, role: ACCOUNTADMIN, database: MAJOR_COMPASS, schema: PUBLIC, warehouse: COMPUTE_WH, region: us-central1.gcp, authenticator: SNOWFLAKE, ocsp mode: FAIL_OPEN, os: darwin, os version: 24.5.0"}
{"level":"INFO","message":"[4:41:29.042 PM]: Connection[id: cf31f577-5114-41a5-9817-b12683d0a858] additional details: passcode in password is provided, passcode is not provided, private key is not provided, application: undefined, client name: snowflake-sdk, client version: 1.15.0, retry timeout: 300, private key path: undefined, private key pass is not provided, client store temporary credential: false, browser response timeout: 120000"}
{"level":"INFO","message":"[4:41:29.042 PM]: Connection[id: cf31f577-5114-41a5-9817-b12683d0a858] - connection object created successfully."}
{"level":"INFO","message":"[4:41:29.042 PM]: Connection[id: cf31f577-5114-41a5-9817-b12683d0a858] - connecting. Associated Snowflake domain: GLOBAL"}
{"level":"INFO","message":"[4:41:29.042 PM]: Connection[id: cf31f577-5114-41a5-9817-b12683d0a858] - authentication successful using: SNOWFLAKE"}
{"level":"INFO","message":"[4:41:29.043 PM]: Trying to initialize Easy Logging"}
{"level":"INFO","message":"[4:41:29.044 PM]: No client config detected."}
{"level":"INFO","message":"[4:41:29.044 PM]: No config file path found. Client config will not be used."}
{"level":"INFO","message":"[4:41:29.044 PM]: Easy Logging is disabled as no config has been found"}
{"level":"INFO","message":"[4:41:29.046 PM]: Connection[id: cf31f577-5114-41a5-9817-b12683d0a858] - connected successfully after 3.623624801635742 milliseconds"}
{"level":"INFO","message":"[4:43:00.170 PM]: Creating new connection object"}
{"level":"INFO","message":"[4:44:03.409 PM]: Creating new connection object"}
{"level":"INFO","message":"[4:44:03.416 PM]: Creating Connection[id: f9c863c8-50fb-4aba-9008-3f57dbb1abde] with host: kqthifv-le84072.us-central1.gcp.snowflakecomputing.com, account: kqthifv-le84072, accessUrl: https://kqthifv-le84072.us-central1.gcp.snowflakecomputing.com, user: YASSINVILA, password is provided, role: ACCOUNTADMIN, database: MAJOR_COMPASS, schema: PUBLIC, warehouse: COMPUTE_WH, region: us-central1.gcp, authenticator: SNOWFLAKE, ocsp mode: FAIL_OPEN, os: darwin, os version: 24.5.0"}
{"level":"INFO","message":"[4:44:03.417 PM]: Connection[id: f9c863c8-50fb-4aba-9008-3f57dbb1abde] additional details: passcode in password is provided, passcode is not provided, private key is not provided, application: undefined, client name: snowflake-sdk, client version: 1.15.0, retry timeout: 300, private key path: undefined, private key pass is not provided, client store temporary credential: false, browser response timeout: 120000"}
{"level":"INFO","message":"[4:44:03.417 PM]: Connection[id: f9c863c8-50fb-4aba-9008-3f57dbb1abde] - connection object created successfully."}
{"level":"INFO","message":"[4:44:03.418 PM]: Connection[id: f9c863c8-50fb-4aba-9008-3f57dbb1abde] - connecting. Associated Snowflake domain: GLOBAL"}
{"level":"INFO","message":"[4:44:03.425 PM]: Connection[id: f9c863c8-50fb-4aba-9008-3f57dbb1abde] - authentication successful using: SNOWFLAKE"}
{"level":"INFO","message":"[4:44:03.426 PM]: Trying to initialize Easy Logging"}
{"level":"INFO","message":"[4:44:03.427 PM]: No client config detected."}
{"level":"INFO","message":"[4:44:03.428 PM]: No config file path found. Client config will not be used."}
{"level":"INFO","message":"[4:44:03.428 PM]: Easy Logging is disabled as no config has been found"}
{"level":"INFO","message":"[4:44:03.432 PM]: Connection[id: f9c863c8-50fb-4aba-9008-3f57dbb1abde] - connected successfully after 14.312749862670898 milliseconds"}
{"level":"INFO","message":"[4:50:12.560 PM]: Creating new connection object"}
{"level":"INFO","message":"[4:50:12.566 PM]: Creating Connection[id: 89ab1d07-ae33-41e4-b2d1-659637200a0e] with host: kqthifv-le84072.us-central1.gcp.snowflakecomputing.com, account: kqthifv-le84072, accessUrl: https://kqthifv-le84072.us-central1.gcp.snowflakecomputing.com, user: YASSINVILA, password is provided, role: ACCOUNTADMIN, database: MAJOR_COMPASS, schema: PUBLIC, warehouse: COMPUTE_WH, region: us-central1.gcp, authenticator: SNOWFLAKE, ocsp mode: FAIL_OPEN, os: darwin, os version: 24.5.0"}
{"level":"INFO","message":"[4:50:12.566 PM]: Connection[id: 89ab1d07-ae33-41e4-b2d1-659637200a0e] additional details: passcode in password is provided, passcode is not provided, private key is not provided, application: undefined, client name: snowflake-sdk, client version: 1.15.0, retry timeout: 300, private key path: undefined, private key pass is not provided, client store temporary credential: false, browser response timeout: 120000"}
{"level":"INFO","message":"[4:50:12.567 PM]: Connection[id: 89ab1d07-ae33-41e4-b2d1-659637200a0e] - connection object created successfully."}
{"level":"INFO","message":"[4:50:12.567 PM]: Connection[id: 89ab1d07-ae33-41e4-b2d1-659637200a0e] - connecting. Associated Snowflake domain: GLOBAL"}
{"level":"INFO","message":"[4:50:12.567 PM]: Connection[id: 89ab1d07-ae33-41e4-b2d1-659637200a0e] - authentication successful using: SNOWFLAKE"}
{"level":"INFO","message":"[4:50:12.568 PM]: Trying to initialize Easy Logging"}
{"level":"INFO","message":"[4:50:12.569 PM]: No client config detected."}
{"level":"INFO","message":"[4:50:12.569 PM]: No config file path found. Client config will not be used."}
{"level":"INFO","message":"[4:50:12.569 PM]: Easy Logging is disabled as no config has been found"}
{"level":"INFO","message":"[4:50:12.571 PM]: Connection[id: 89ab1d07-ae33-41e4-b2d1-659637200a0e] - connected successfully after 3.7124176025390625 milliseconds"}
{"level":"INFO","message":"[4:56:06.823 PM]: Creating new connection object"}
{"level":"INFO","message":"[4:56:06.830 PM]: Creating Connection[id: 882feacf-517b-4c01-80fb-5f18f18a43a1] with host: kqthifv-le84072.us-central1.gcp.snowflakecomputing.com, account: kqthifv-le84072, accessUrl: https://kqthifv-le84072.us-central1.gcp.snowflakecomputing.com, user: YASSINVILA, password is provided, role: ACCOUNTADMIN, database: MAJOR_COMPASS, schema: PUBLIC, warehouse: COMPUTE_WH, region: us-central1.gcp, authenticator: SNOWFLAKE, ocsp mode: FAIL_OPEN, os: darwin, os version: 24.5.0"}
{"level":"INFO","message":"[4:56:06.831 PM]: Connection[id: 882feacf-517b-4c01-80fb-5f18f18a43a1] additional details: passcode in password is provided, passcode is not provided, private key is not provided, application: undefined, client name: snowflake-sdk, client version: 1.15.0, retry timeout: 300, private key path: undefined, private key pass is not provided, client store temporary credential: false, browser response timeout: 120000"}
{"level":"INFO","message":"[4:56:06.831 PM]: Connection[id: 882feacf-517b-4c01-80fb-5f18f18a43a1] - connection object created successfully."}
{"level":"INFO","message":"[4:56:06.832 PM]: Connection[id: 882feacf-517b-4c01-80fb-5f18f18a43a1] - connecting. Associated Snowflake domain: GLOBAL"}
{"level":"INFO","message":"[4:56:06.832 PM]: Connection[id: 882feacf-517b-4c01-80fb-5f18f18a43a1] - authentication successful using: SNOWFLAKE"}
{"level":"INFO","message":"[4:56:06.832 PM]: Trying to initialize Easy Logging"}
{"level":"INFO","message":"[4:56:06.836 PM]: No client config detected."}
{"level":"INFO","message":"[4:56:06.836 PM]: No config file path found. Client config will not be used."}
{"level":"INFO","message":"[4:56:06.836 PM]: Easy Logging is disabled as no config has been found"}
{"level":"INFO","message":"[4:56:06.838 PM]: Connection[id: 882feacf-517b-4c01-80fb-5f18f18a43a1] - connected successfully after 6.047416687011719 milliseconds"}
{"level":"INFO","message":"[4:56:34.943 PM]: Creating new connection object"}
{"level":"INFO","message":"[4:56:34.949 PM]: Creating Connection[id: a5e6eb5a-5e6d-4fb5-9b53-d5c15a36694a] with host: kqthifv-le84072.us-central1.gcp.snowflakecomputing.com, account: kqthifv-le84072, accessUrl: https://kqthifv-le84072.us-central1.gcp.snowflakecomputing.com, user: YASSINVILA, password is provided, role: ACCOUNTADMIN, database: MAJOR_COMPASS, schema: PUBLIC, warehouse: COMPUTE_WH, region: us-central1.gcp, authenticator: SNOWFLAKE, ocsp mode: FAIL_OPEN, os: darwin, os version: 24.5.0"}
{"level":"INFO","message":"[4:56:34.949 PM]: Connection[id: a5e6eb5a-5e6d-4fb5-9b53-d5c15a36694a] additional details: passcode in password is provided, passcode is not provided, private key is not provided, application: undefined, client name: snowflake-sdk, client version: 1.15.0, retry timeout: 300, private key path: undefined, private key pass is not provided, client store temporary credential: false, browser response timeout: 120000"}
{"level":"INFO","message":"[4:56:34.950 PM]: Connection[id: a5e6eb5a-5e6d-4fb5-9b53-d5c15a36694a] - connection object created successfully."}
{"level":"INFO","message":"[4:56:34.950 PM]: Connection[id: a5e6eb5a-5e6d-4fb5-9b53-d5c15a36694a] - connecting. Associated Snowflake domain: GLOBAL"}
{"level":"INFO","message":"[4:56:34.950 PM]: Connection[id: a5e6eb5a-5e6d-4fb5-9b53-d5c15a36694a] - authentication successful using: SNOWFLAKE"}
{"level":"INFO","message":"[4:56:34.951 PM]: Trying to initialize Easy Logging"}
{"level":"INFO","message":"[4:56:34.951 PM]: No client config detected."}
{"level":"INFO","message":"[4:56:34.952 PM]: No config file path found. Client config will not be used."}
{"level":"INFO","message":"[4:56:34.952 PM]: Easy Logging is disabled as no config has been found"}
{"level":"INFO","message":"[4:56:34.953 PM]: Connection[id: a5e6eb5a-5e6d-4fb5-9b53-d5c15a36694a] - connected successfully after 3.4684581756591797 milliseconds"}
{"level":"INFO","message":"[4:57:14.887 PM]: Creating new connection object"}
{"level":"INFO","message":"[4:57:14.893 PM]: Creating Connection[id: 60df6f1f-1726-4648-a29a-99946463b6e8] with host: kqthifv-le84072.us-central1.gcp.snowflakecomputing.com, account: kqthifv-le84072, accessUrl: https://kqthifv-le84072.us-central1.gcp.snowflakecomputing.com, user: YASSINVILA, password is provided, role: ACCOUNTADMIN, database: MAJOR_COMPASS, schema: PUBLIC, warehouse: COMPUTE_WH, region: us-central1.gcp, authenticator: SNOWFLAKE, ocsp mode: FAIL_OPEN, os: darwin, os version: 24.5.0"}
{"level":"INFO","message":"[4:57:14.893 PM]: Connection[id: 60df6f1f-1726-4648-a29a-99946463b6e8] additional details: passcode in password is provided, passcode is not provided, private key is not provided, application: undefined, client name: snowflake-sdk, client version: 1.15.0, retry timeout: 300, private key path: undefined, private key pass is not provided, client store temporary credential: false, browser response timeout: 120000"}
{"level":"INFO","message":"[4:57:14.893 PM]: Connection[id: 60df6f1f-1726-4648-a29a-99946463b6e8] - connection object created successfully."}
{"level":"INFO","message":"[4:57:14.894 PM]: Connection[id: 60df6f1f-1726-4648-a29a-99946463b6e8] - connecting. Associated Snowflake domain: GLOBAL"}
{"level":"INFO","message":"[4:57:14.894 PM]: Connection[id: 60df6f1f-1726-4648-a29a-99946463b6e8] - authentication successful using: SNOWFLAKE"}
{"level":"INFO","message":"[4:57:14.894 PM]: Trying to initialize Easy Logging"}
{"level":"INFO","message":"[4:57:14.895 PM]: No client config detected."}
{"level":"INFO","message":"[4:57:14.895 PM]: No config file path found. Client config will not be used."}
{"level":"INFO","message":"[4:57:14.895 PM]: Easy Logging is disabled as no config has been found"}
{"level":"INFO","message":"[4:57:14.897 PM]: Connection[id: 60df6f1f-1726-4648-a29a-99946463b6e8] - connected successfully after 3.231792449951172 milliseconds"}
{"level":"INFO","message":"[5:26:51.682 PM]: Creating new connection object"}
{"level":"INFO","message":"[5:26:51.694 PM]: Creating Connection[id: 76a87560-20b1-4138-953d-0ec365a37cbb] with host: kqthifv-le84072.us-central1.gcp.snowflakecomputing.com, account: kqthifv-le84072, accessUrl: https://kqthifv-le84072.us-central1.gcp.snowflakecomputing.com, user: YASSINVILA, password is provided, role: ACCOUNTADMIN, database: MAJOR_COMPASS, schema: PUBLIC, warehouse: COMPUTE_WH, region: us-central1.gcp, authenticator: SNOWFLAKE, ocsp mode: FAIL_OPEN, os: darwin, os version: 24.5.0"}
{"level":"INFO","message":"[5:26:51.695 PM]: Connection[id: 76a87560-20b1-4138-953d-0ec365a37cbb] additional details: passcode in password is provided, passcode is not provided, private key is not provided, application: undefined, client name: snowflake-sdk, client version: 1.15.0, retry timeout: 300, private key path: undefined, private key pass is not provided, client store temporary credential: false, browser response timeout: 120000"}
{"level":"INFO","message":"[5:26:51.695 PM]: Connection[id: 76a87560-20b1-4138-953d-0ec365a37cbb] - connection object created successfully."}
{"level":"INFO","message":"[5:26:51.696 PM]: Connection[id: 76a87560-20b1-4138-953d-0ec365a37cbb] - connecting. Associated Snowflake domain: GLOBAL"}
{"level":"INFO","message":"[5:26:51.697 PM]: Connection[id: 76a87560-20b1-4138-953d-0ec365a37cbb] - authentication successful using: SNOWFLAKE"}
{"level":"INFO","message":"[5:26:51.697 PM]: Trying to initialize Easy Logging"}
{"level":"INFO","message":"[5:26:51.700 PM]: No client config detected."}
{"level":"INFO","message":"[5:26:51.700 PM]: No config file path found. Client config will not be used."}
{"level":"INFO","message":"[5:26:51.700 PM]: Easy Logging is disabled as no config has been found"}
{"level":"INFO","message":"[5:26:51.704 PM]: Connection[id: 76a87560-20b1-4138-953d-0ec365a37cbb] - connected successfully after 8.578207015991211 milliseconds"}
{"level":"INFO","message":"[5:32:18.191 PM]: Creating new connection object"}
{"level":"INFO","message":"[5:32:18.210 PM]: Creating Connection[id: 2ac54cdb-a723-41bf-bcd2-d5dd9169ede0] with host: kqthifv-le84072.snowflakecomputing.com, account: kqthifv-le84072, accessUrl: https://kqthifv-le84072.snowflakecomputing.com, user: YASSINVILA, password is provided, role: ACCOUNTADMIN, database: MAJOR_COMPASS, schema: PUBLIC, warehouse: COMPUTE_WH, region: undefined, authenticator: SNOWFLAKE, ocsp mode: FAIL_OPEN, os: darwin, os version: 24.5.0"}
{"level":"INFO","message":"[5:32:18.211 PM]: Connection[id: 2ac54cdb-a723-41bf-bcd2-d5dd9169ede0] additional details: passcode in password is provided, passcode is not provided, private key is not provided, application: undefined, client name: snowflake-sdk, client version: 1.15.0, retry timeout: 300, private key path: undefined, private key pass is not provided, client store temporary credential: false, browser response timeout: 120000"}
{"level":"INFO","message":"[5:32:18.212 PM]: Connection[id: 2ac54cdb-a723-41bf-bcd2-d5dd9169ede0] - connection object created successfully."}
{"level":"INFO","message":"[5:32:18.213 PM]: Connection[id: 2ac54cdb-a723-41bf-bcd2-d5dd9169ede0] - connecting. Associated Snowflake domain: GLOBAL"}
{"level":"INFO","message":"[5:32:18.216 PM]: Connection[id: 2ac54cdb-a723-41bf-bcd2-d5dd9169ede0] - authentication successful using: SNOWFLAKE"}
{"level":"INFO","message":"[5:32:18.216 PM]: Trying to initialize Easy Logging"}
{"level":"INFO","message":"[5:32:18.219 PM]: No client config detected."}
{"level":"INFO","message":"[5:32:18.220 PM]: No config file path found. Client config will not be used."}
{"level":"INFO","message":"[5:32:18.220 PM]: Easy Logging is disabled as no config has been found"}
{"level":"INFO","message":"[5:32:18.222 PM]: Connection[id: 2ac54cdb-a723-41bf-bcd2-d5dd9169ede0] - connected successfully after 9.506584167480469 milliseconds"}
{"level":"INFO","message":"[6:25:46.781 PM]: Creating new connection object"}
{"level":"INFO","message":"[6:25:46.791 PM]: Creating Connection[id: 232f7c8f-60c2-4b98-a012-a3576cafccb0] with host: kqthifv-le84072.snowflakecomputing.com, account: kqthifv-le84072, accessUrl: https://kqthifv-le84072.snowflakecomputing.com, user: YASSINVILA, password is provided, role: ACCOUNTADMIN, database: MAJORCOMPASS, schema: PUBLIC, warehouse: COMPUTE_WH, region: undefined, authenticator: SNOWFLAKE, ocsp mode: FAIL_OPEN, os: darwin, os version: 24.5.0"}
{"level":"INFO","message":"[6:25:46.791 PM]: Connection[id: 232f7c8f-60c2-4b98-a012-a3576cafccb0] additional details: passcode in password is provided, passcode is not provided, private key is not provided, application: undefined, client name: snowflake-sdk, client version: 1.15.0, retry timeout: 300, private key path: undefined, private key pass is not provided, client store temporary credential: false, browser response timeout: 120000"}
{"level":"INFO","message":"[6:25:46.792 PM]: Connection[id: 232f7c8f-60c2-4b98-a012-a3576cafccb0] - connection object created successfully."}
{"level":"INFO","message":"[6:25:46.792 PM]: Connection[id: 232f7c8f-60c2-4b98-a012-a3576cafccb0] - connecting. Associated Snowflake domain: GLOBAL"}
{"level":"INFO","message":"[6:25:46.793 PM]: Connection[id: 232f7c8f-60c2-4b98-a012-a3576cafccb0] - authentication successful using: SNOWFLAKE"}
{"level":"INFO","message":"[6:25:46.793 PM]: Trying to initialize Easy Logging"}
{"level":"INFO","message":"[6:25:46.795 PM]: No client config detected."}
{"level":"INFO","message":"[6:25:46.795 PM]: No config file path found. Client config will not be used."}
{"level":"INFO","message":"[6:25:46.795 PM]: Easy Logging is disabled as no config has been found"}
{"level":"INFO","message":"[6:25:46.797 PM]: Connection[id: 232f7c8f-60c2-4b98-a012-a3576cafccb0] - connected successfully after 5.258167266845703 milliseconds"}
{"level":"INFO","message":"[6:27:41.623 PM]: Creating new connection object"}
{"level":"INFO","message":"[6:27:41.629 PM]: Creating Connection[id: 07232179-7c8e-4125-b659-3b7215f7aec7] with host: kqthifv-le84072.snowflakecomputing.com, account: kqthifv-le84072, accessUrl: https://kqthifv-le84072.snowflakecomputing.com, user: YASSINVILA, password is provided, role: ACCOUNTADMIN, database: MAJORCOMPASS, schema: PUBLIC, warehouse: COMPUTE_WH, region: undefined, authenticator: SNOWFLAKE, ocsp mode: FAIL_OPEN, os: darwin, os version: 24.5.0"}
{"level":"INFO","message":"[6:27:41.630 PM]: Connection[id: 07232179-7c8e-4125-b659-3b7215f7aec7] additional details: passcode in password is provided, passcode is not provided, private key is not provided, application: undefined, client name: snowflake-sdk, client version: 1.15.0, retry timeout: 300, private key path: undefined, private key pass is not provided, client store temporary credential: false, browser response timeout: 120000"}
{"level":"INFO","message":"[6:27:41.630 PM]: Connection[id: 07232179-7c8e-4125-b659-3b7215f7aec7] - connection object created successfully."}
{"level":"INFO","message":"[6:27:41.630 PM]: Connection[id: 07232179-7c8e-4125-b659-3b7215f7aec7] - connecting. Associated Snowflake domain: GLOBAL"}
{"level":"INFO","message":"[6:27:41.631 PM]: Connection[id: 07232179-7c8e-4125-b659-3b7215f7aec7] - authentication successful using: SNOWFLAKE"}
{"level":"INFO","message":"[6:27:41.631 PM]: Trying to initialize Easy Logging"}
{"level":"INFO","message":"[6:27:41.635 PM]: No client config detected."}
{"level":"INFO","message":"[6:27:41.635 PM]: No config file path found. Client config will not be used."}
{"level":"INFO","message":"[6:27:41.635 PM]: Easy Logging is disabled as no config has been found"}
{"level":"INFO","message":"[6:27:41.637 PM]: Connection[id: 07232179-7c8e-4125-b659-3b7215f7aec7] - connected successfully after 6.512624740600586 milliseconds"}
{"level":"INFO","message":"[6:33:31.419 PM]: Creating new connection object"}
{"level":"INFO","message":"[6:33:31.426 PM]: Creating Connection[id: 2fe23d33-b5a5-41a8-8dfa-7f1c518bf577] with host: kqthifv-le84072.snowflakecomputing.com, account: kqthifv-le84072, accessUrl: https://kqthifv-le84072.snowflakecomputing.com, user: YASSINVILA, password is provided, role: ACCOUNTADMIN, database: MAJORCOMPASS, schema: PUBLIC, warehouse: COMPUTE_WH, region: undefined, authenticator: SNOWFLAKE, ocsp mode: FAIL_OPEN, os: darwin, os version: 24.5.0"}
{"level":"INFO","message":"[6:33:31.426 PM]: Connection[id: 2fe23d33-b5a5-41a8-8dfa-7f1c518bf577] additional details: passcode in password is provided, passcode is not provided, private key is not provided, application: undefined, client name: snowflake-sdk, client version: 1.15.0, retry timeout: 300, private key path: undefined, private key pass is not provided, client store temporary credential: false, browser response timeout: 120000"}
{"level":"INFO","message":"[6:33:31.427 PM]: Connection[id: 2fe23d33-b5a5-41a8-8dfa-7f1c518bf577] - connection object created successfully."}
{"level":"INFO","message":"[6:33:31.427 PM]: Connection[id: 2fe23d33-b5a5-41a8-8dfa-7f1c518bf577] - connecting. Associated Snowflake domain: GLOBAL"}
{"level":"INFO","message":"[6:33:31.427 PM]: Connection[id: 2fe23d33-b5a5-41a8-8dfa-7f1c518bf577] - authentication successful using: SNOWFLAKE"}
{"level":"INFO","message":"[6:33:31.428 PM]: Trying to initialize Easy Logging"}
{"level":"INFO","message":"[6:33:31.431 PM]: No client config detected."}
{"level":"INFO","message":"[6:33:31.431 PM]: No config file path found. Client config will not be used."}
{"level":"INFO","message":"[6:33:31.432 PM]: Easy Logging is disabled as no config has been found"}
{"level":"INFO","message":"[6:33:31.433 PM]: Connection[id: 2fe23d33-b5a5-41a8-8dfa-7f1c518bf577] - connected successfully after 6.401374816894531 milliseconds"}
